build/app/intermediates/manifest_merge_blame_file/release/manifest-merger-blame-release-report.txt
1<?xml version="1.0" encoding="utf-8"?>
2<manifest xmlns:android="http://schemas.android.com/apk/res/android"
3    package="com.example.locator_app"
4    android:versionCode="1"
5    android:versionName="1.0.0" >
6
7    <uses-sdk
8        android:minSdkVersion="21"
8-->src\main\AndroidManifest.xml
9        android:targetSdkVersion="34" />
9-->src\main\AndroidManifest.xml
10
11    <uses-permission android:name="android.permission.WRITE_EXTERNAL_STORAGE" />
11-->src\main\AndroidManifest.xml:2:5-80
11-->src\main\AndroidManifest.xml:2:22-78
12    <uses-permission android:name="android.permission.READ_EXTERNAL_STORAGE" />
12-->src\main\AndroidManifest.xml:3:5-79
12-->src\main\AndroidManifest.xml:3:22-77
13    <uses-permission android:name="android.permission.ACCESS_COARSE_LOCATION" />
13-->src\main\AndroidManifest.xml:4:5-80
13-->src\main\AndroidManifest.xml:4:22-78
14    <uses-permission android:name="android.permission.ACCESS_FINE_LOCATION" />
14-->src\main\AndroidManifest.xml:5:5-78
14-->src\main\AndroidManifest.xml:5:22-76
15
16    <queries>
16-->src\main\AndroidManifest.xml:39:5-44:15
17        <intent>
17-->src\main\AndroidManifest.xml:40:9-43:18
18            <action android:name="android.intent.action.PROCESS_TEXT" />
18-->src\main\AndroidManifest.xml:41:13-72
18-->src\main\AndroidManifest.xml:41:21-70
19
20            <data android:mimeType="text/plain" />
20-->src\main\AndroidManifest.xml:42:13-50
20-->src\main\AndroidManifest.xml:42:19-48
21        </intent>
22    </queries>
23
24    <uses-permission android:name="android.permission.FOREGROUND_SERVICE" />
24-->[:flutter_background_service_android] AndroidManifest.xml:9:5-77
24-->[:flutter_background_service_android] AndroidManifest.xml:9:22-74
25    <uses-permission android:name="android.permission.RECEIVE_BOOT_COMPLETED" />
25-->[:flutter_background_service_android] AndroidManifest.xml:10:5-81
25-->[:flutter_background_service_android] AndroidManifest.xml:10:22-78
26    <uses-permission android:name="android.permission.WAKE_LOCK" />
26-->[:flutter_background_service_android] AndroidManifest.xml:11:5-68
26-->[:flutter_background_service_android] AndroidManifest.xml:11:22-65
27    <uses-permission android:name="android.permission.VIBRATE" />
27-->[:flutter_local_notifications] AndroidManifest.xml:9:5-66
27-->[:flutter_local_notifications] AndroidManifest.xml:9:22-63
28    <uses-permission android:name="android.permission.POST_NOTIFICATIONS" />
28-->[:flutter_local_notifications] AndroidManifest.xml:10:5-77
28-->[:flutter_local_notifications] AndroidManifest.xml:10:22-74
29
30    <permission
30-->[androidx.core:core:1.13.1] AndroidManifest.xml:22:5-24:47
31        android:name="com.example.locator_app.DYNAMIC_RECEIVER_NOT_EXPORTED_PERMISSION"
31-->[androidx.core:core:1.13.1] AndroidManifest.xml:23:9-81
32        android:protectionLevel="signature" />
32-->[androidx.core:core:1.13.1] AndroidManifest.xml:24:9-44
33
34    <uses-permission android:name="com.example.locator_app.DYNAMIC_RECEIVER_NOT_EXPORTED_PERMISSION" />
34-->[androidx.core:core:1.13.1] AndroidManifest.xml:26:5-97
34-->[androidx.core:core:1.13.1] AndroidManifest.xml:26:22-94
35
36    <application
37        android:name="android.app.Application"
37-->src\main\AndroidManifest.xml:9:9-42
38        android:appComponentFactory="androidx.core.app.CoreComponentFactory"
38-->[androidx.core:core:1.13.1] AndroidManifest.xml:28:18-86
39        android:icon="@mipmap/ic_launcher"
39-->src\main\AndroidManifest.xml:10:9-43
40        android:label="geoappv5" >
40-->src\main\AndroidManifest.xml:8:9-33
41        <activity
41-->src\main\AndroidManifest.xml:11:9-32:20
42            android:name="com.example.locator_app.MainActivity"
42-->src\main\AndroidManifest.xml:12:13-41
43            android:configChanges="orientation|keyboardHidden|keyboard|screenSize|smallestScreenSize|locale|layoutDirection|fontScale|screenLayout|density|uiMode"
43-->src\main\AndroidManifest.xml:17:13-163
44            android:exported="true"
44-->src\main\AndroidManifest.xml:13:13-36
45            android:hardwareAccelerated="true"
45-->src\main\AndroidManifest.xml:18:13-47
46            android:launchMode="singleTop"
46-->src\main\AndroidManifest.xml:14:13-43
47            android:taskAffinity=""
47-->src\main\AndroidManifest.xml:15:13-36
48            android:theme="@style/LaunchTheme"
48-->src\main\AndroidManifest.xml:16:13-47
49            android:windowSoftInputMode="adjustResize" >
49-->src\main\AndroidManifest.xml:19:13-55
50
51            <!--
52                 Specifies an Android theme to apply to this Activity as soon as
53                 the Android process has started. This theme is visible to the user
54                 while the Flutter UI initializes. After that, this theme continues
55                 to determine the Window background behind the Flutter UI.
56            -->
57            <meta-data
57-->src\main\AndroidManifest.xml:24:13-27:17
58                android:name="io.flutter.embedding.android.NormalTheme"
58-->src\main\AndroidManifest.xml:25:15-70
59                android:resource="@style/NormalTheme" />
59-->src\main\AndroidManifest.xml:26:15-52
60
61            <intent-filter>
61-->src\main\AndroidManifest.xml:28:13-31:29
62                <action android:name="android.intent.action.MAIN" />
62-->src\main\AndroidManifest.xml:29:17-68
62-->src\main\AndroidManifest.xml:29:25-66
63
64                <category android:name="android.intent.category.LAUNCHER" />
64-->src\main\AndroidManifest.xml:30:17-76
64-->src\main\AndroidManifest.xml:30:27-74
65            </intent-filter>
66        </activity>
67        <!--
68             Don't delete the meta-data below.
69             This is used by the Flutter tool to generate GeneratedPluginRegistrant.java
70        -->
71        <meta-data
71-->src\main\AndroidManifest.xml:35:9-37:33
72            android:name="flutterEmbedding"
72-->src\main\AndroidManifest.xml:36:13-44
73            android:value="2" />
73-->src\main\AndroidManifest.xml:37:13-30
74
75        <service
75-->[:flutter_background_service_android] AndroidManifest.xml:14:9-18:44
76            android:name="id.flutter.flutter_background_service.BackgroundService"
76-->[:flutter_background_service_android] AndroidManifest.xml:15:13-83
77            android:enabled="true"
77-->[:flutter_background_service_android] AndroidManifest.xml:16:13-35
78            android:exported="true"
78-->[:flutter_background_service_android] AndroidManifest.xml:17:13-36
79            android:stopWithTask="false" />
79-->[:flutter_background_service_android] AndroidManifest.xml:18:13-41
80
81        <receiver
81-->[:flutter_background_service_android] AndroidManifest.xml:20:9-23:39
82            android:name="id.flutter.flutter_background_service.WatchdogReceiver"
82-->[:flutter_background_service_android] AndroidManifest.xml:21:13-82
83            android:enabled="true"
83-->[:flutter_background_service_android] AndroidManifest.xml:22:13-35
84            android:exported="true" />
84-->[:flutter_background_service_android] AndroidManifest.xml:23:13-36
85        <receiver
85-->[:flutter_background_service_android] AndroidManifest.xml:24:9-33:20
86            android:name="id.flutter.flutter_background_service.BootReceiver"
86-->[:flutter_background_service_android] AndroidManifest.xml:25:13-78
87            android:enabled="true"
87-->[:flutter_background_service_android] AndroidManifest.xml:26:13-35
88            android:exported="true" >
88-->[:flutter_background_service_android] AndroidManifest.xml:27:13-36
89            <intent-filter>
89-->[:flutter_background_service_android] AndroidManifest.xml:28:13-32:29
90                <action android:name="android.intent.action.BOOT_COMPLETED" />
90-->[:flutter_background_service_android] AndroidManifest.xml:29:17-79
90-->[:flutter_background_service_android] AndroidManifest.xml:29:25-76
91                <action android:name="android.intent.action.QUICKBOOT_POWERON" />
91-->[:flutter_background_service_android] AndroidManifest.xml:30:17-82
91-->[:flutter_background_service_android] AndroidManifest.xml:30:25-79
92                <action android:name="android.intent.action.MY_PACKAGE_REPLACED" />
92-->[:flutter_background_service_android] AndroidManifest.xml:31:17-84
92-->[:flutter_background_service_android] AndroidManifest.xml:31:25-81
93            </intent-filter>
94        </receiver>
95
96        <service
96-->[:geolocator_android] AndroidManifest.xml:10:9-14:56
97            android:name="com.baseflow.geolocator.GeolocatorLocationService"
97-->[:geolocator_android] AndroidManifest.xml:11:13-77
98            android:enabled="true"
98-->[:geolocator_android] AndroidManifest.xml:12:13-35
99            android:exported="false"
99-->[:geolocator_android] AndroidManifest.xml:13:13-37
100            android:foregroundServiceType="location" />
100-->[:geolocator_android] AndroidManifest.xml:14:13-53
101        <!--
102           Declares a provider which allows us to store files to share in
103           '.../caches/share_plus' and grant the receiving action access
104        -->
105        <provider
105-->[:share_plus] AndroidManifest.xml:15:9-23:20
106            android:name="dev.fluttercommunity.plus.share.ShareFileProvider"
106-->[:share_plus] AndroidManifest.xml:16:13-77
107            android:authorities="com.example.locator_app.flutter.share_provider"
107-->[:share_plus] AndroidManifest.xml:17:13-74
108            android:exported="false"
108-->[:share_plus] AndroidManifest.xml:18:13-37
109            android:grantUriPermissions="true" >
109-->[:share_plus] AndroidManifest.xml:19:13-47
110            <meta-data
110-->[:share_plus] AndroidManifest.xml:20:13-22:68
111                android:name="android.support.FILE_PROVIDER_PATHS"
111-->[:share_plus] AndroidManifest.xml:21:17-67
112                android:resource="@xml/flutter_share_file_paths" />
112-->[:share_plus] AndroidManifest.xml:22:17-65
113        </provider>
114        <!--
115           This manifest declared broadcast receiver allows us to use an explicit
116           Intent when creating a PendingItent to be informed of the user's choice
117        -->
118        <receiver
118-->[:share_plus] AndroidManifest.xml:28:9-34:20
119            android:name="dev.fluttercommunity.plus.share.SharePlusPendingIntent"
119-->[:share_plus] AndroidManifest.xml:29:13-82
120            android:exported="false" >
120-->[:share_plus] AndroidManifest.xml:30:13-37
121            <intent-filter>
121-->[:share_plus] AndroidManifest.xml:31:13-33:29
122                <action android:name="EXTRA_CHOSEN_COMPONENT" />
122-->[:share_plus] AndroidManifest.xml:32:17-65
122-->[:share_plus] AndroidManifest.xml:32:25-62
123            </intent-filter>
124        </receiver>
125
126        <activity
126-->[:url_launcher_android] AndroidManifest.xml:10:9-13:74
127            android:name="io.flutter.plugins.urllauncher.WebViewActivity"
127-->[:url_launcher_android] AndroidManifest.xml:11:13-74
128            android:exported="false"
128-->[:url_launcher_android] AndroidManifest.xml:12:13-37
129            android:theme="@android:style/Theme.NoTitleBar.Fullscreen" />
129-->[:url_launcher_android] AndroidManifest.xml:13:13-71
130
131        <uses-library
131-->[androidx.window:window:1.2.0] AndroidManifest.xml:23:9-25:40
132            android:name="androidx.window.extensions"
132-->[androidx.window:window:1.2.0] AndroidManifest.xml:24:13-54
133            android:required="false" />
133-->[androidx.window:window:1.2.0] AndroidManifest.xml:25:13-37
134        <uses-library
134-->[androidx.window:window:1.2.0] AndroidManifest.xml:26:9-28:40
135            android:name="androidx.window.sidecar"
135-->[androidx.window:window:1.2.0] AndroidManifest.xml:27:13-51
136            android:required="false" />
136-->[androidx.window:window:1.2.0] AndroidManifest.xml:28:13-37
137
138        <activity
138-->[com.google.android.gms:play-services-base:18.3.0] AndroidManifest.xml:20:9-22:45
139            android:name="com.google.android.gms.common.api.GoogleApiActivity"
139-->[com.google.android.gms:play-services-base:18.3.0] AndroidManifest.xml:20:19-85
140            android:exported="false"
140-->[com.google.android.gms:play-services-base:18.3.0] AndroidManifest.xml:22:19-43
141            android:theme="@android:style/Theme.Translucent.NoTitleBar" />
141-->[com.google.android.gms:play-services-base:18.3.0] AndroidManifest.xml:21:19-78
142
143        <meta-data
143-->[com.google.android.gms:play-services-basement:18.3.0] AndroidManifest.xml:21:9-23:69
144            android:name="com.google.android.gms.version"
144-->[com.google.android.gms:play-services-basement:18.3.0] AndroidManifest.xml:22:13-58
145            android:value="@integer/google_play_services_version" />
145-->[com.google.android.gms:play-services-basement:18.3.0] AndroidManifest.xml:23:13-66
146
147        <provider
147-->[androidx.lifecycle:lifecycle-process:2.7.0] AndroidManifest.xml:24:9-32:20
148            android:name="androidx.startup.InitializationProvider"
148-->[androidx.lifecycle:lifecycle-process:2.7.0] AndroidManifest.xml:25:13-67
149            android:authorities="com.example.locator_app.androidx-startup"
149-->[androidx.lifecycle:lifecycle-process:2.7.0] AndroidManifest.xml:26:13-68
150            android:exported="false" >
150-->[androidx.lifecycle:lifecycle-process:2.7.0] AndroidManifest.xml:27:13-37
151            <meta-data
151-->[androidx.lifecycle:lifecycle-process:2.7.0] AndroidManifest.xml:29:13-31:52
152                android:name="androidx.lifecycle.ProcessLifecycleInitializer"
152-->[androidx.lifecycle:lifecycle-process:2.7.0] AndroidManifest.xml:30:17-78
153                android:value="androidx.startup" />
153-->[androidx.lifecycle:lifecycle-process:2.7.0] AndroidManifest.xml:31:17-49
154            <meta-data
154-->[androidx.profileinstaller:profileinstaller:1.3.1] AndroidManifest.xml:29:13-31:52
155                android:name="androidx.profileinstaller.ProfileInstallerInitializer"
155-->[androidx.profileinstaller:profileinstaller:1.3.1] AndroidManifest.xml:30:17-85
156                android:value="androidx.startup" />
156-->[androidx.profileinstaller:profileinstaller:1.3.1] AndroidManifest.xml:31:17-49
157        </provider>
158
159        <receiver
159-->[androidx.profileinstaller:profileinstaller:1.3.1] AndroidManifest.xml:34:9-52:20
160            android:name="androidx.profileinstaller.ProfileInstallReceiver"
160-->[androidx.profileinstaller:profileinstaller:1.3.1] AndroidManifest.xml:35:13-76
161            android:directBootAware="false"
161-->[androidx.profileinstaller:profileinstaller:1.3.1] AndroidManifest.xml:36:13-44
162            android:enabled="true"
162-->[androidx.profileinstaller:profileinstaller:1.3.1] AndroidManifest.xml:37:13-35
163            android:exported="true"
163-->[androidx.profileinstaller:profileinstaller:1.3.1] AndroidManifest.xml:38:13-36
164            android:permission="android.permission.DUMP" >
164-->[androidx.profileinstaller:profileinstaller:1.3.1] AndroidManifest.xml:39:13-57
165            <intent-filter>
165-->[androidx.profileinstaller:profileinstaller:1.3.1] AndroidManifest.xml:40:13-42:29
166                <action android:name="androidx.profileinstaller.action.INSTALL_PROFILE" />
166-->[androidx.profileinstaller:profileinstaller:1.3.1] AndroidManifest.xml:41:17-91
166-->[androidx.profileinstaller:profileinstaller:1.3.1] AndroidManifest.xml:41:25-88
167            </intent-filter>
168            <intent-filter>
168-->[androidx.profileinstaller:profileinstaller:1.3.1] AndroidManifest.xml:43:13-45:29
169                <action android:name="androidx.profileinstaller.action.SKIP_FILE" />
169-->[androidx.profileinstaller:profileinstaller:1.3.1] AndroidManifest.xml:44:17-85
169-->[androidx.profileinstaller:profileinstaller:1.3.1] AndroidManifest.xml:44:25-82
170            </intent-filter>
171            <intent-filter>
171-->[androidx.profileinstaller:profileinstaller:1.3.1] AndroidManifest.xml:46:13-48:29
172                <action android:name="androidx.profileinstaller.action.SAVE_PROFILE" />
172-->[androidx.profileinstaller:profileinstaller:1.3.1] AndroidManifest.xml:47:17-88
172-->[androidx.profileinstaller:profileinstaller:1.3.1] AndroidManifest.xml:47:25-85
173            </intent-filter>
174            <intent-filter>
174-->[androidx.profileinstaller:profileinstaller:1.3.1] AndroidManifest.xml:49:13-51:29
175                <action android:name="androidx.profileinstaller.action.BENCHMARK_OPERATION" />
175-->[androidx.profileinstaller:profileinstaller:1.3.1] AndroidManifest.xml:50:17-95
175-->[androidx.profileinstaller:profileinstaller:1.3.1] AndroidManifest.xml:50:25-92
176            </intent-filter>
177        </receiver>
178    </application>
179
180</manifest>